<?xml version="1.0" encoding="UTF-8"?>
<testng-results total="1" passed="1" failed="0" skipped="0">
  <reporter-output>
  </reporter-output>
  <suite started-at="2021-11-15T15:18:09Z" name="Default suite" finished-at="2021-11-15T15:18:27Z" duration-ms="18130">
    <groups>
    </groups>
    <test started-at="2021-11-15T15:18:09Z" name="Default test" finished-at="2021-11-15T15:18:27Z" duration-ms="18130">
      <class name="com.ibm.Project.Activity8">
        <test-method is-config="true" signature="beforeMethod()[pri:0, instance:com.ibm.Project.Activity8@135606db]" started-at="2021-11-15T20:48:09Z" name="beforeMethod" finished-at="2021-11-15T20:48:13Z" duration-ms="3268" status="PASS">
          <reporter-output>
          </reporter-output>
        </test-method> <!-- beforeMethod -->
        <test-method signature="DashboardTestCase()[pri:0, instance:com.ibm.Project.Activity8@135606db]" started-at="2021-11-15T20:48:13Z" name="DashboardTestCase" finished-at="2021-11-15T20:48:27Z" duration-ms="14269" status="PASS">
          <reporter-output>
          </reporter-output>
        </test-method> <!-- DashboardTestCase -->
        <test-method is-config="true" signature="afterMethod()[pri:0, instance:com.ibm.Project.Activity8@135606db]" started-at="2021-11-15T20:48:27Z" name="afterMethod" finished-at="2021-11-15T20:48:27Z" duration-ms="585" status="PASS">
          <reporter-output>
          </reporter-output>
        </test-method> <!-- afterMethod -->
      </class> <!-- com.ibm.Project.Activity8 -->
    </test> <!-- Default test -->
  </suite> <!-- Default suite -->
</testng-results>
